2020-02-11 09:43:26 WARN  Scraper:298 - L'applicazione non è in grado di risalire al titolo dell'articolo. https://larep.it/2vp32XS
2020-02-11 09:43:26 WARN  Scraper:321 - L'applicazione non è riuscita a risalire all'autore dell'articolo. https://larep.it/2vp32XS
2020-02-11 09:43:26 WARN  Scraper:387 - L'applicazione non è in grado di risalire al corpo dell'articolo. https://larep.it/2vp32XS
2020-02-11 09:43:26 WARN  Scraper:395 - L'applicazione non è in grado di risalire agli argomenti dell'articolo. https://larep.it/2vp32XS
2020-02-11 09:43:27 WARN  Scraper:127 - L'applicazione non è in grado di risalire al titolo dell'articolo. http://csera.it/9aaa73abns
2020-02-11 09:43:27 WARN  Scraper:155 - L'applicazione non è in grado di risalire all'autore dell'artitolo. http://csera.it/9aaa73abns
2020-02-11 09:43:27 WARN  Scraper:195 - L'applicazione non è in grado di risalire al testo dell'articolo. http://csera.it/9aaa73abns
2020-02-11 09:43:27 WARN  Scraper:197 - L'applicazione non è in grado di risalire al testo dell'articolo. http://csera.it/9aaa73abns
2020-02-11 09:43:27 WARN  Scraper:225 - L'applicazione non è in grado di risalire alla data dell'articolo. http://csera.it/9aaa73abnsdata impostata ad oggi.
2020-02-11 09:43:27 WARN  Scraper:250 - L'applicazione non è in grado di risalire ai topic dell'articolo. http://csera.it/9aaa73abns
2020-02-11 09:44:01 WARN  Scraper:298 - L'applicazione non è in grado di risalire al titolo dell'articolo. https://larep.it/2H9JfhZ
2020-02-11 09:44:01 WARN  Scraper:321 - L'applicazione non è riuscita a risalire all'autore dell'articolo. https://larep.it/2H9JfhZ
2020-02-11 09:44:01 WARN  Scraper:387 - L'applicazione non è in grado di risalire al corpo dell'articolo. https://larep.it/2H9JfhZ
2020-02-11 09:44:01 WARN  Scraper:395 - L'applicazione non è in grado di risalire agli argomenti dell'articolo. https://larep.it/2H9JfhZ
2020-02-11 09:44:05 WARN  Scraper:197 - L'applicazione non è in grado di risalire al testo dell'articolo. http://csera.it/8f804da6hm
2020-02-11 09:44:05 WARN  Scraper:225 - L'applicazione non è in grado di risalire alla data dell'articolo. http://csera.it/8f804da6hmdata impostata ad oggi.
2020-02-11 09:44:05 WARN  Scraper:250 - L'applicazione non è in grado di risalire ai topic dell'articolo. http://csera.it/8f804da6hm
2020-02-11 09:44:40 WARN  Scraper:321 - L'applicazione non è riuscita a risalire all'autore dell'articolo. https://larep.it/31Hutsh
2020-02-11 09:44:40 WARN  Scraper:395 - L'applicazione non è in grado di risalire agli argomenti dell'articolo. https://larep.it/31Hutsh
2020-02-11 09:44:42 WARN  Scraper:250 - L'applicazione non è in grado di risalire ai topic dell'articolo. http://csera.it/d35a7474VS
2020-02-11 09:45:52 WARN  Scraper:321 - L'applicazione non è riuscita a risalire all'autore dell'articolo. https://larep.it/2OKo7mJ
2020-02-11 09:45:52 WARN  Scraper:395 - L'applicazione non è in grado di risalire agli argomenti dell'articolo. https://larep.it/2OKo7mJ
2020-02-11 09:45:53 WARN  Scraper:250 - L'applicazione non è in grado di risalire ai topic dell'articolo. http://csera.it/a9305f7dCs
2020-02-11 09:46:27 WARN  Scraper:321 - L'applicazione non è riuscita a risalire all'autore dell'articolo. https://larep.it/2UNwba9
2020-02-11 09:46:27 WARN  Scraper:395 - L'applicazione non è in grado di risalire agli argomenti dell'articolo. https://larep.it/2UNwba9
2020-02-11 09:46:30 WARN  Scraper:462 - L'applicazione non è in grado di risalire all'autore dell'articolo. http://www.ansa.it/sito/videogallery/mondo/2020/02/10/parlamento-ue-al-via-prima-plenaria-senza-britannici_8f6f6c90-0e4b-4918-8cac-1e02affecc40.html
2020-02-11 09:46:30 WARN  Scraper:473 - L'applicazione non è in grado di risalire alla locazione dell'articolo. http://www.ansa.it/sito/videogallery/mondo/2020/02/10/parlamento-ue-al-via-prima-plenaria-senza-britannici_8f6f6c90-0e4b-4918-8cac-1e02affecc40.html
2020-02-11 09:46:30 WARN  Scraper:494 - L'applicazione non è in grado di risalire alla data dell'articolo. http://www.ansa.it/sito/videogallery/mondo/2020/02/10/parlamento-ue-al-via-prima-plenaria-senza-britannici_8f6f6c90-0e4b-4918-8cac-1e02affecc40.htmldata impostata ad oggi.
2020-02-11 09:46:30 WARN  Scraper:509 - L'applicazione non è in grado di risalire al testo dell'articolo. http://www.ansa.it/sito/videogallery/mondo/2020/02/10/parlamento-ue-al-via-prima-plenaria-senza-britannici_8f6f6c90-0e4b-4918-8cac-1e02affecc40.html
2020-02-11 09:47:02 WARN  Scraper:298 - L'applicazione non è in grado di risalire al titolo dell'articolo. https://larep.it/2Sf0W64
2020-02-11 09:47:02 WARN  Scraper:321 - L'applicazione non è riuscita a risalire all'autore dell'articolo. https://larep.it/2Sf0W64
2020-02-11 09:47:02 WARN  Scraper:387 - L'applicazione non è in grado di risalire al corpo dell'articolo. https://larep.it/2Sf0W64
2020-02-11 09:47:02 WARN  Scraper:395 - L'applicazione non è in grado di risalire agli argomenti dell'articolo. https://larep.it/2Sf0W64
2020-02-11 09:47:36 WARN  Scraper:298 - L'applicazione non è in grado di risalire al titolo dell'articolo. https://larep.it/31HRwDf
2020-02-11 09:47:36 WARN  Scraper:321 - L'applicazione non è riuscita a risalire all'autore dell'articolo. https://larep.it/31HRwDf
2020-02-11 09:47:36 WARN  Scraper:387 - L'applicazione non è in grado di risalire al corpo dell'articolo. https://larep.it/31HRwDf
2020-02-11 09:47:36 WARN  Scraper:395 - L'applicazione non è in grado di risalire agli argomenti dell'articolo. https://larep.it/31HRwDf
2020-02-11 09:48:11 WARN  Scraper:298 - L'applicazione non è in grado di risalire al titolo dell'articolo. https://larep.it/2UEKeyq
2020-02-11 09:48:11 WARN  Scraper:321 - L'applicazione non è riuscita a risalire all'autore dell'articolo. https://larep.it/2UEKeyq
2020-02-11 09:48:11 WARN  Scraper:387 - L'applicazione non è in grado di risalire al corpo dell'articolo. https://larep.it/2UEKeyq
2020-02-11 09:48:11 WARN  Scraper:395 - L'applicazione non è in grado di risalire agli argomenti dell'articolo. https://larep.it/2UEKeyq
2020-02-11 09:48:12 WARN  Scraper:127 - L'applicazione non è in grado di risalire al titolo dell'articolo. http://csera.it/89466715eM
2020-02-11 09:48:12 WARN  Scraper:155 - L'applicazione non è in grado di risalire all'autore dell'artitolo. http://csera.it/89466715eM
2020-02-11 09:48:12 WARN  Scraper:195 - L'applicazione non è in grado di risalire al testo dell'articolo. http://csera.it/89466715eM
2020-02-11 09:48:12 WARN  Scraper:197 - L'applicazione non è in grado di risalire al testo dell'articolo. http://csera.it/89466715eM
2020-02-11 09:48:12 WARN  Scraper:225 - L'applicazione non è in grado di risalire alla data dell'articolo. http://csera.it/89466715eMdata impostata ad oggi.
2020-02-11 09:48:12 WARN  Scraper:250 - L'applicazione non è in grado di risalire ai topic dell'articolo. http://csera.it/89466715eM
2020-02-11 09:48:46 WARN  Scraper:321 - L'applicazione non è riuscita a risalire all'autore dell'articolo. https://larep.it/3buDRUD
2020-02-11 09:48:46 WARN  Scraper:395 - L'applicazione non è in grado di risalire agli argomenti dell'articolo. https://larep.it/3buDRUD
2020-02-11 09:49:21 WARN  Scraper:395 - L'applicazione non è in grado di risalire agli argomenti dell'articolo. https://espresso.repubblica.it/visioni/2020/02/10/news/masterchef-recensione-1.343908
2020-02-11 09:49:22 WARN  Scraper:250 - L'applicazione non è in grado di risalire ai topic dell'articolo. http://csera.it/6802fbc2Ev
2020-02-11 09:49:23 WARN  Scraper:533 - URL non valido. /sito/css/reset.css
2020-02-11 09:49:55 WARN  Scraper:298 - L'applicazione non è in grado di risalire al titolo dell'articolo. https://larep.it/31JhHt0
2020-02-11 09:49:55 WARN  Scraper:321 - L'applicazione non è riuscita a risalire all'autore dell'articolo. https://larep.it/31JhHt0
2020-02-11 09:49:55 WARN  Scraper:387 - L'applicazione non è in grado di risalire al corpo dell'articolo. https://larep.it/31JhHt0
2020-02-11 09:49:55 WARN  Scraper:395 - L'applicazione non è in grado di risalire agli argomenti dell'articolo. https://larep.it/31JhHt0
2020-02-11 09:49:56 WARN  Scraper:197 - L'applicazione non è in grado di risalire al testo dell'articolo. http://csera.it/55ea470axO
2020-02-11 09:49:56 WARN  Scraper:225 - L'applicazione non è in grado di risalire alla data dell'articolo. http://csera.it/55ea470axOdata impostata ad oggi.
2020-02-11 09:49:56 WARN  Scraper:250 - L'applicazione non è in grado di risalire ai topic dell'articolo. http://csera.it/55ea470axO
2020-02-11 09:49:58 WARN  Scraper:533 - URL non valido. /sito/css/0130122946_css-head.css
2020-02-11 09:50:30 WARN  Scraper:298 - L'applicazione non è in grado di risalire al titolo dell'articolo. https://larep.it/2us5wVD
2020-02-11 09:50:30 WARN  Scraper:321 - L'applicazione non è riuscita a risalire all'autore dell'articolo. https://larep.it/2us5wVD
2020-02-11 09:50:30 WARN  Scraper:387 - L'applicazione non è in grado di risalire al corpo dell'articolo. https://larep.it/2us5wVD
2020-02-11 09:50:30 WARN  Scraper:395 - L'applicazione non è in grado di risalire agli argomenti dell'articolo. https://larep.it/2us5wVD
2020-02-11 09:51:06 WARN  Scraper:298 - L'applicazione non è in grado di risalire al titolo dell'articolo. https://larep.it/2UJqKc6
2020-02-11 09:51:06 WARN  Scraper:321 - L'applicazione non è riuscita a risalire all'autore dell'articolo. https://larep.it/2UJqKc6
2020-02-11 09:51:06 WARN  Scraper:387 - L'applicazione non è in grado di risalire al corpo dell'articolo. https://larep.it/2UJqKc6
2020-02-11 09:51:06 WARN  Scraper:395 - L'applicazione non è in grado di risalire agli argomenti dell'articolo. https://larep.it/2UJqKc6
2020-02-11 10:02:13 WARN  Scraper:321 - L'applicazione non è riuscita a risalire all'autore dell'articolo. https://larep.it/38lhIWA
2020-02-11 10:02:13 WARN  Scraper:395 - L'applicazione non è in grado di risalire agli argomenti dell'articolo. https://larep.it/38lhIWA
2020-02-11 10:02:49 WARN  Scraper:321 - L'applicazione non è riuscita a risalire all'autore dell'articolo. https://larep.it/2HfzQ8G
2020-02-11 10:02:49 WARN  Scraper:410 - L'applicazione non è in grado di risalire ai tags dell'articolo. https://larep.it/2HfzQ8G
2020-02-11 10:03:23 WARN  Scraper:321 - L'applicazione non è riuscita a risalire all'autore dell'articolo. https://larep.it/2UIzbnW
2020-02-11 10:10:28 WARN  Scraper:321 - L'applicazione non è riuscita a risalire all'autore dell'articolo. https://larep.it/38lhIWA
2020-02-11 10:10:28 WARN  Scraper:395 - L'applicazione non è in grado di risalire agli argomenti dell'articolo. https://larep.it/38lhIWA
2020-02-11 10:11:04 WARN  Scraper:321 - L'applicazione non è riuscita a risalire all'autore dell'articolo. https://larep.it/2HfzQ8G
2020-02-11 10:11:04 WARN  Scraper:410 - L'applicazione non è in grado di risalire ai tags dell'articolo. https://larep.it/2HfzQ8G
2020-02-11 10:11:05 WARN  Scraper:250 - L'applicazione non è in grado di risalire ai topic dell'articolo. http://csera.it/c2de4464ap
2020-02-11 10:11:39 WARN  Scraper:321 - L'applicazione non è riuscita a risalire all'autore dell'articolo. https://larep.it/2UIzbnW
2020-02-11 10:11:40 WARN  Scraper:127 - L'applicazione non è in grado di risalire al titolo dell'articolo. http://csera.it/9aaa73abns
2020-02-11 10:11:40 WARN  Scraper:155 - L'applicazione non è in grado di risalire all'autore dell'artitolo. http://csera.it/9aaa73abns
2020-02-11 10:11:40 WARN  Scraper:195 - L'applicazione non è in grado di risalire al testo dell'articolo. http://csera.it/9aaa73abns
2020-02-11 10:11:40 WARN  Scraper:197 - L'applicazione non è in grado di risalire al testo dell'articolo. http://csera.it/9aaa73abns
2020-02-11 10:11:40 WARN  Scraper:225 - L'applicazione non è in grado di risalire alla data dell'articolo. http://csera.it/9aaa73abnsdata impostata ad oggi.
2020-02-11 10:11:40 WARN  Scraper:250 - L'applicazione non è in grado di risalire ai topic dell'articolo. http://csera.it/9aaa73abns
2020-02-11 10:12:15 WARN  Scraper:321 - L'applicazione non è riuscita a risalire all'autore dell'articolo. https://larep.it/3bpt8L0
2020-02-11 10:12:15 WARN  Scraper:395 - L'applicazione non è in grado di risalire agli argomenti dell'articolo. https://larep.it/3bpt8L0
2020-02-11 10:12:16 WARN  Scraper:197 - L'applicazione non è in grado di risalire al testo dell'articolo. http://csera.it/8f804da6hm
2020-02-11 10:12:16 WARN  Scraper:225 - L'applicazione non è in grado di risalire alla data dell'articolo. http://csera.it/8f804da6hmdata impostata ad oggi.
2020-02-11 10:12:16 WARN  Scraper:250 - L'applicazione non è in grado di risalire ai topic dell'articolo. http://csera.it/8f804da6hm
2020-02-11 10:12:51 WARN  Scraper:321 - L'applicazione non è riuscita a risalire all'autore dell'articolo. https://larep.it/2HbE80u
2020-02-11 10:12:51 WARN  Scraper:395 - L'applicazione non è in grado di risalire agli argomenti dell'articolo. https://larep.it/2HbE80u
2020-02-11 10:12:53 WARN  Scraper:250 - L'applicazione non è in grado di risalire ai topic dell'articolo. http://csera.it/d35a7474VS
2020-02-11 10:13:27 WARN  Scraper:321 - L'applicazione non è riuscita a risalire all'autore dell'articolo. https://larep.it/39mTQSH
2020-02-11 10:13:27 WARN  Scraper:395 - L'applicazione non è in grado di risalire agli argomenti dell'articolo. https://larep.it/39mTQSH
2020-02-11 10:14:01 WARN  Scraper:298 - L'applicazione non è in grado di risalire al titolo dell'articolo. https://larep.it/2UHWs9O
2020-02-11 10:14:01 WARN  Scraper:321 - L'applicazione non è riuscita a risalire all'autore dell'articolo. https://larep.it/2UHWs9O
2020-02-11 10:14:01 WARN  Scraper:387 - L'applicazione non è in grado di risalire al corpo dell'articolo. https://larep.it/2UHWs9O
2020-02-11 10:14:01 WARN  Scraper:395 - L'applicazione non è in grado di risalire agli argomenti dell'articolo. https://larep.it/2UHWs9O
2020-02-11 10:14:02 WARN  Scraper:250 - L'applicazione non è in grado di risalire ai topic dell'articolo. http://csera.it/a9305f7dCs
2020-02-11 10:15:11 WARN  Scraper:298 - L'applicazione non è in grado di risalire al titolo dell'articolo. https://larep.it/2OKtOkB
2020-02-11 10:15:11 WARN  Scraper:321 - L'applicazione non è riuscita a risalire all'autore dell'articolo. https://larep.it/2OKtOkB
2020-02-11 10:15:11 WARN  Scraper:387 - L'applicazione non è in grado di risalire al corpo dell'articolo. https://larep.it/2OKtOkB
2020-02-11 10:15:11 WARN  Scraper:395 - L'applicazione non è in grado di risalire agli argomenti dell'articolo. https://larep.it/2OKtOkB
2020-02-11 10:15:27 WARN  Scraper:321 - L'applicazione non è riuscita a risalire all'autore dell'articolo. https://larep.it/39qLU2Y
2020-02-11 10:15:59 WARN  Scraper:321 - L'applicazione non è riuscita a risalire all'autore dell'articolo. https://larep.it/2HcoAcX
2020-02-11 10:41:41 WARN  Scraper:321 - L'applicazione non è riuscita a risalire all'autore dell'articolo. https://larep.it/2UIOvRI
2020-02-11 10:41:41 WARN  Scraper:410 - L'applicazione non è in grado di risalire ai tags dell'articolo. https://larep.it/2UIOvRI
2020-02-11 10:41:42 WARN  Scraper:155 - L'applicazione non è in grado di risalire all'autore dell'artitolo. http://csera.it/efcebca5qB
2020-02-11 10:41:42 WARN  Scraper:225 - L'applicazione non è in grado di risalire alla data dell'articolo. http://csera.it/efcebca5qBdata impostata ad oggi.
2020-02-11 10:57:13 WARN  Scraper:321 - L'applicazione non è riuscita a risalire all'autore dell'articolo. https://larep.it/39u4My1
2020-02-11 10:57:16 WARN  Scraper:447 - L'applicazione non è in grado di risalire al titolo dell'articolo
2020-02-11 10:57:16 WARN  Scraper:462 - L'applicazione non è in grado di risalire all'autore dell'articolo. http://www.ansa.it/canale_lifestyle/notizie/moda/2020/02/07/dieci-anni-senza-il-genio-mcqueen-resta-la-leggenda_7e518478-232d-44ec-a1fa-ee977b3f38f1.html
2020-02-11 10:57:16 WARN  Scraper:494 - L'applicazione non è in grado di risalire alla data dell'articolo. http://www.ansa.it/canale_lifestyle/notizie/moda/2020/02/07/dieci-anni-senza-il-genio-mcqueen-resta-la-leggenda_7e518478-232d-44ec-a1fa-ee977b3f38f1.htmldata impostata ad oggi.
2020-02-11 10:57:49 WARN  Scraper:155 - L'applicazione non è in grado di risalire all'autore dell'artitolo. http://csera.it/efcebca5qB
2020-02-11 10:57:49 WARN  Scraper:225 - L'applicazione non è in grado di risalire alla data dell'articolo. http://csera.it/efcebca5qBdata impostata ad oggi.
2020-02-11 10:58:23 WARN  Scraper:321 - L'applicazione non è riuscita a risalire all'autore dell'articolo. https://larep.it/2OItIKf
2020-02-11 10:58:23 WARN  Scraper:395 - L'applicazione non è in grado di risalire agli argomenti dell'articolo. https://larep.it/2OItIKf
2020-02-11 11:00:14 WARN  Scraper:298 - L'applicazione non è in grado di risalire al titolo dell'articolo. https://larep.it/2tIVeQi
2020-02-11 11:00:14 WARN  Scraper:321 - L'applicazione non è riuscita a risalire all'autore dell'articolo. https://larep.it/2tIVeQi
2020-02-11 11:00:14 WARN  Scraper:387 - L'applicazione non è in grado di risalire al corpo dell'articolo. https://larep.it/2tIVeQi
2020-02-11 11:00:14 WARN  Scraper:395 - L'applicazione non è in grado di risalire agli argomenti dell'articolo. https://larep.it/2tIVeQi
2020-02-11 11:07:05 WARN  Scraper:447 - L'applicazione non è in grado di risalire al titolo dell'articolo
2020-02-11 11:07:05 WARN  Scraper:462 - L'applicazione non è in grado di risalire all'autore dell'articolo. http://www.ansa.it/canale_lifestyle/notizie/moda/2020/02/07/dieci-anni-senza-il-genio-mcqueen-resta-la-leggenda_7e518478-232d-44ec-a1fa-ee977b3f38f1.html
2020-02-11 11:07:05 WARN  Scraper:494 - L'applicazione non è in grado di risalire alla data dell'articolo. http://www.ansa.it/canale_lifestyle/notizie/moda/2020/02/07/dieci-anni-senza-il-genio-mcqueen-resta-la-leggenda_7e518478-232d-44ec-a1fa-ee977b3f38f1.htmldata impostata ad oggi.
